<?xml version="1.0" encoding="UTF-8"?>
<!-- Generated by org.testng.reporters.JUnitReportReporter -->
<testsuite hostname="DESKTOP-0FPO0BM" failures="0" tests="1" name="PROJECT_2.WebTest" time="31.400" errors="0" timestamp="2024-11-27T11:38:27 IST" skipped="0">
  <testcase classname="PROJECT_2.WebTest" name="DemoTest" time="31.400"/>
</testsuite> <!-- PROJECT_2.WebTest -->
