<?xml version="1.0" encoding="UTF-8"?>
<!-- Generated by org.testng.reporters.JUnitReportReporter -->
<testsuite hostname="DESKTOP-0FPO0BM" failures="0" tests="1" name="PROJECT_2.WebTest" time="30.856" errors="0" timestamp="2024-11-28T12:08:43 IST" skipped="0">
  <testcase classname="PROJECT_2.WebTest" name="DemoTest" time="30.856"/>
</testsuite> <!-- PROJECT_2.WebTest -->
